make all --print-data-base --no-builtin-variables --no-builtin-rules --question
# GNU Make 3.81
# Copyright (C) 2006  Free Software Foundation, Inc.
# This is free software; see the source for copying conditions.
# There is NO warranty; not even for MERCHANTABILITY or FITNESS FOR A
# PARTICULAR PURPOSE.

# This program built for i386-apple-darwin11.3.0
 

# Make data base, printed on Sun Aug 21 16:51:33 2022

# Variables

# automatic
 
<D = $(patsubst %/,%,$(dir $<))
# automatic
?F = $(notdir $?)
# automatic
?D = $(patsubst %/,%,$(dir $?))
# makefile (from `Makefile', line 47)
INCLUDES = minishell.h ./libft/libft.h
# automatic
@D = $(patsubst %/,%,$(dir $@))
# automatic
@F = $(notdir $@)
# makefile
CURDIR := /Users/ahammam/Desktop/1337 projet/minishell
# makefile
SHELL = /bin/sh
# environment
VSCODE_NLS_CONFIG = {"locale":"en-us","availableLanguages":{},"_languagePackSupport":true}
# environment
_ = /usr/bin/make
# makefile (from `Makefile', line 33)
LIBFT_FOLDER = ./libft/
# makefile (from `Makefile', line 1)
MAKEFILE_LIST :=  Makefile
# makefile (from `Makefile', line 42)
SRCS_LIBFT = $(addprefix $(LIBFT_FOLDER), $(LIBFT_FILES))
# environment
__CFBundleIdentifier = com.microsoft.VSCode
# environment
VSCODE_CWD = /
# makefile (from `Makefile', line 17)
PARSING_FILES = parse.c quotes.c ft_split2.c utiles.c expand.c expand_2.c ft_strreplace.c tokenize.c syntax_error.c
# environment
PATH = /Users/ahammam/opt/anaconda3/bin:/Users/ahammam/opt/anaconda3/condabin:/usr/local/bin:/usr/bin:/bin:/usr/sbin:/sbin:/usr/local/go/bin:/opt/X11/bin:/Library/Frameworks/Mono.framework/Versions/Current/Commands:/opt/homebrew/bin:/Users/ahammam/FlutterDev/flutter/bin
# environment
LSCOLORS = Gxfxcxdxbxegedabagacad
# makefile (from `Makefile', line 26)
REDIRECTIONS_FOLDER = ./redirections/
# makefile (from `Makefile', line 44)
ALL_SRCS = $(SRCS) $(SRCS_LIBFT)
# environment
ELECTRON_RUN_AS_NODE = 1
# default
.FEATURES := target-specific order-only second-expansion else-if archives jobserver check-symlink
# environment
SSH_AUTH_SOCK = /private/tmp/com.apple.launchd.JjyzG4BTvD/Listeners
# automatic
%F = $(notdir $%)
# environment
DISPLAY = /private/tmp/com.apple.launchd.ffT3b41nmg/org.xquartz:0
# environment
CONDA_EXE = /Users/ahammam/opt/anaconda3/bin/conda
# environment
PWD = /Users/ahammam/Desktop/1337 projet/minishell
# makefile (from `Makefile', line 34)
LIBFT_FILES = ft_isdigit.c ft_memset.c ft_strjoin.c ft_strtrim.c ft_isprint.c ft_putchar_fd.c ft_strlcat.c ft_substr.c ft_itoa.c ft_atoi.c ft_putendl_fd.c ft_strlcpy.c ft_tolower.c ft_bzero.c  ft_putnbr_fd.c ft_strlen.c ft_toupper.c ft_calloc.c ft_memchr.c ft_putstr_fd.c ft_strmapi.c ft_isalnum.c ft_memcmp.c ft_split.c ft_strncmp.c ft_isalpha.c ft_memcpy.c ft_strchr.c ft_strnstr.c ft_isascii.c ft_memmove.c ft_strdup.c ft_strrchr.c ft_striteri.c ft_lstnew.c ft_lstlast.c ft_lstadd_back.c ft_lstadd_front.c ft_lstsize.c ft_strcat.c ft_lstclear.c ft_lstdelone.c
# environment
ORIGINAL_XDG_CURRENT_DESKTOP = undefined
# makefile (from `Makefile', line 79)
GREEN = \033[0;92m
# environment
VSCODE_AMD_ENTRYPOINT = vs/workbench/api/node/extensionHostProcess
# environment
HOME = /Users/ahammam
# default
MAKEFILEPATH = $(shell /usr/bin/xcode-select -print-path 2>/dev/null || echo /Developer)/Makefiles
# makefile (from `Makefile', line 24)
SRCS_EXECUTION = $(addprefix $(EXECUTION_FOLDER), $(EXECUTION_FILES))
# environment
VSCODE_CODE_CACHE_PATH = /Users/ahammam/Library/Application Support/Code/CachedData/6d9b74a70ca9c7733b29f0456fd8195364076dda
# environment
LOGNAME = ahammam
# environment
APPLICATION_INSIGHTS_NO_DIAGNOSTIC_CHANNEL = true
# environment
CONDA_PROMPT_MODIFIER = (base) 
# environment
ZSH = /Users/ahammam/.oh-my-zsh
# environment
VSCODE_HANDLES_UNCAUGHT_ERRORS = true
# automatic
^D = $(patsubst %/,%,$(dir $^))
# environment
CONDA_DEFAULT_ENV = base
# environment
XPC_FLAGS = 0x0
# makefile (from `Makefile', line 21)
EXECUTION_FOLDER = ./builtins/
# default
MAKE = $(MAKE_COMMAND)
# default
MAKECMDGOALS := all
# makefile (from `Makefile', line 30)
SRCS = main.c $(SRCS_PARSING) $(SRCS_REDIRECTIONS) ${SRCS_EXECUTION}
# environment
SHLVL = 1
# makefile (from `Makefile', line 52)
CC = gcc 
# makefile (from `Makefile', line 45)
ALL_OBJ = ${ALL_SRCS:.c=.o}
# default
MAKE_VERSION := 3.81
# environment
USER = ahammam
# makefile
.DEFAULT_GOAL := minishell
# makefile (from `Makefile', line 27)
REDIRECTIONS_FILES = redirections_check.c 
# makefile (from `Makefile', line 28)
SRCS_REDIRECTIONS = $(addprefix $(REDIRECTIONS_FOLDER), $(REDIRECTIONS_FILES))
# makefile (from `Makefile', line 13)
NAME = minishell
# environment
LESS = -R
# automatic
%D = $(patsubst %/,%,$(dir $%))
# environment
CONDA_SHLVL = 1
# default
MAKE_COMMAND := /Library/Developer/CommandLineTools/usr/bin/make
# default
.VARIABLES := 
# environment
TMPDIR = /var/folders/1h/tyl226416d9ds5lh7hf5b9n80000gn/T/
# automatic
*F = $(notdir $*)
# environment
VSCODE_IPC_HOOK = /Users/ahammam/Library/Application Support/Code/1.70.1-main.sock
# environment
MallocNanoZone = 0
# makefile (from `Makefile', line 80)
RED = \033[0;91m
# makefile
MAKEFLAGS = Rrqp
# environment
MFLAGS = -Rrqp
# automatic
*D = $(patsubst %/,%,$(dir $*))
# environment
XPC_SERVICE_NAME = application.com.microsoft.VSCode.16718482.16718488
# automatic
+D = $(patsubst %/,%,$(dir $+))
# automatic
+F = $(notdir $+)
# environment
__CF_USER_TEXT_ENCODING = 0x1F5:0x0:0x0
# environment
COMMAND_MODE = unix2003
# default
MAKEFILES := 
# automatic
<F = $(notdir $<)
# environment
PAGER = less
# environment
LC_ALL = C
# makefile (from `Makefile', line 81)
 
RESET = \033[0m
# environment
CONDA_PYTHON_EXE = /Users/ahammam/opt/anaconda3/bin/python
# makefile (from `Makefile', line 48)
LIBS = libft.a
# automatic
^F = $(notdir $^)
# makefile (from `Makefile', line 22)
EXECUTION_FILES = ft_echo.c ft_cd.c ft_pwd.c ft_export.c utile_export.c export_append.c  ../free/split_free.c ft_env.c ft_unset.c
# makefile (from `Makefile', line 16)
PARSING_FOLDER = ./parsing/
# default
SUFFIXES := 
# makefile (from `Makefile', line 51)
FLAGS = -Wall -Wextra -Werror -g 
# environment
_CE_M = 
# environment
MAKELEVEL := 0
# makefile (from `Makefile', line 18)
SRCS_PARSING = $(addprefix $(PARSING_FOLDER), $(PARSING_FILES))
# environment
CONDA_PREFIX = /Users/ahammam/opt/anaconda3
# environment
VSCODE_PID = 34938
# environment
_CE_CONDA = 
# environment
LANG = C
# variable set hash-table stats:
# Load=93/1024=9%, Rehash=0, Collisions=8/138=6%

# Pattern-specific Variable Values

# No pattern-specific variable values.

# Directories

# . (device 16777230, inode 16337259): 16 files, no impossibilities.
# libft (device 16777230, inode 16337330): 21 files, no impossibilities so far.

# 37 files, no impossibilities in 2 directories.

# Implicit Rules

%.o: %.c minishell.h ./libft/libft.h
#  commands to execute (from `Makefile', line 55):
	$(CC) ${FLAGS} -c $< -o $@
	

# 1 implicit rules, 0 (0.0%) terminal.

# Files

# Not a target:
libft/ft_lstadd_back.o:
#  Implicit rule search has not been done.
#  Modification time never checked.
#  File has not been updated.

# Not a target:
builtins/ft_cd.o:
#  Implicit rule search has not been done.
#  Modification time never checked.
#  File has not been updated.

# Not a target:
libft/ft_putendl_fd.o:
#  Implicit rule search has not been done.
#  Modification time never checked.
#  File has not been updated.

# Not a target:
libft/ft_strmapi.o:
#  Implicit rule search has not been done.
#  Modification time never checked.
#  File has not been updated.

# Not a target:
libft/ft_isdigit.o:
#  Implicit rule search has not been done.
#  Modification time never checked.
#  File has not been updated.

all: minishell
#  Command-line target.
#  Implicit rule search has been done.
#  File does not exist.
#  File has been updated.
#  Needs to be updated (-q is set).
# variable set hash-table stats:
# Load=0/32=0%, Rehash=0, Collisions=0/4=0%

# Not a target:
libft/ft_memcpy.o:
#  Implicit rule search has not been done.
#  Modification time never checked.
#  File has not been updated.

# Not a target:
libft/ft_itoa.o:
#  Implicit rule search has not been done.
#  Modification time never checked.
#  File has not been updated.

# Not a target:
libft/ft_memcmp.o:
#  Implicit rule search has not been done.
#  Modification time never checked.
#  File has not been updated.

# Not a target:
libft/ft_strlen.o:
#  Implicit rule search has not been done.
#  Modification time never checked.
#  File has not been updated.

# Not a target:
parsing/syntax_error.o:
#  Implicit rule search has not been done.
#  Modification time never checked.
#  File has not been updated.

# Not a target:
main.c:
#  Implicit rule search has been done.
#  Last modified 2022-08-21 16:20:19
#  File has been updated.
#  Successfully updated.
# variable set hash-table stats:
# Load=0/32=0%, Rehash=0, Collisions=0/0=0%

# Not a target:
libft/ft_lstlast.o:
#  Implicit rule search has not been done.
#  Modification time never checked.
#  File has not been updated.

# Not a target:
libft/ft_memchr.o:
#  Implicit rule search has not been done.
#  Modification time never checked.
#  File has not been updated.

# Not a target:
libft/ft_memset.o:
#  Implicit rule search has not been done.
#  Modification time never checked.
#  File has not been updated.

# Not a target:
libft/ft_putstr_fd.o:
#  Implicit rule search has not been done.
#  Modification time never checked.
#  File has not been updated.

# Not a target:
libft/ft_tolower.o:
#  Implicit rule search has not been done.
#  Modification time never checked.
#  File has not been updated.

# Not a target:
libft/ft_strrchr.o:
#  Implicit rule search has not been done.
#  Modification time never checked.
#  File has not been updated.

# Not a target:
builtins/ft_echo.o:
#  Implicit rule search has not been done.
#  Modification time never checked.
#  File has not been updated.

# Not a target:
.SUFFIXES:
#  Implicit rule search has not been done.
#  Modification time never checked.
#  File has not been updated.

# Not a target:
libft/ft_split.o:
#  Implicit rule search has not been done.
#  Modification time never checked.
#  File has not been updated.

# Not a target:
libft/ft_lstclear.o:
#  Implicit rule search has not been done.
#  Modification time never checked.
#  File has not been updated.

# Not a target:
Makefile:
#  Implicit rule search has been done.
#  Last modified 2022-08-21 16:51:15
#  File has been updated.
#  Successfully updated.
# variable set hash-table stats:
# Load=0/32=0%, Rehash=0, Collisions=0/0=0%

# Not a target:
builtins/ft_export.o:
#  Implicit rule search has not been done.
#  Modification time never checked.
#  File has not been updated.

# Not a target:
parsing/utiles.o:
#  Implicit rule search has not been done.
#  Modification time never checked.
#  File has not been updated.

# Not a target:
libft/ft_strlcat.o:
#  Implicit rule search has not been done.
#  Modification time never checked.
#  File has not been updated.

# Not a target:
parsing/ft_split2.o:
#  Implicit rule search has not been done.
#  Modification time never checked.
#  File has not been updated.

# Not a target:
libft/ft_strjoin.o:
#  Implicit rule search has not been done.
#  Modification time never checked.
#  File has not been updated.

# Not a target:
libft/ft_bzero.o:
#  Implicit rule search has not been done.
#  Modification time never checked.
#  File has not been updated.

# Not a target:
libft/ft_isprint.o:
#  Implicit rule search has not been done.
#  Modification time never checked.
#  File has not been updated.

# Not a target:
libft/ft_strcat.o:
#  Implicit rule search has not been done.
#  Modification time never checked.
#  File has not been updated.

# Not a target:
libft/ft_striteri.o:
#  Implicit rule search has not been done.
#  Modification time never checked.
#  File has not been updated.

minishell: main.o parsing/parse.o parsing/quotes.o parsing/ft_split2.o parsing/utiles.o parsing/expand.o parsing/expand_2.o parsing/ft_strreplace.o parsing/tokenize.o parsing/syntax_error.o redirections/redirections_check.o builtins/ft_echo.o builtins/ft_cd.o builtins/ft_pwd.o builtins/ft_export.o builtins/utile_export.o builtins/export_append.o builtins/../free/split_free.o builtins/ft_env.o builtins/ft_unset.o libft/ft_isdigit.o libft/ft_memset.o libft/ft_strjoin.o libft/ft_strtrim.o libft/ft_isprint.o libft/ft_putchar_fd.o libft/ft_strlcat.o libft/ft_substr.o libft/ft_itoa.o libft/ft_atoi.o libft/ft_putendl_fd.o libft/ft_strlcpy.o libft/ft_tolower.o libft/ft_bzero.o libft/ft_putnbr_fd.o libft/ft_strlen.o libft/ft_toupper.o libft/ft_calloc.o libft/ft_memchr.o libft/ft_putstr_fd.o libft/ft_strmapi.o libft/ft_isalnum.o libft/ft_memcmp.o libft/ft_split.o libft/ft_strncmp.o libft/ft_isalpha.o libft/ft_memcpy.o libft/ft_strchr.o libft/ft_strnstr.o libft/ft_isascii.o libft/ft_memmove.o libft/ft_strdup.o libft/ft_strrchr.o libft/ft_striteri.o libft/ft_lstnew.o libft/ft_lstlast.o libft/ft_lstadd_back.o libft/ft_lstadd_front.o libft/ft_lstsize.o libft/ft_strcat.o libft/ft_lstclear.o libft/ft_lstdelone.o
#  Implicit rule search has not been done.
#  Last modified 2022-08-21 16:51:22
#  File has been updated.
#  Needs to be updated (-q is set).
# variable set hash-table stats:
# Load=0/32=0%, Rehash=0, Collisions=0/4=0%
#  commands to execute (from `Makefile', line 58):
	@echo "|+| make the libft.a library   ==> ${GREEN}DONE${RESET}"	
	@$(MAKE) -C $(LIBFT_FOLDER)
	@echo "|+| make the minishell program ==> ${GREEN}DONE${RESET}"
	@$(CC) ${FLAGS} $(ALL_OBJ) $(LIBS) -lreadline -o $(NAME)
	make clean
	clear
	

# Not a target:
redirections/redirections_check.o:
#  Implicit rule search has not been done.
#  Modification time never checked.
#  File has not been updated.

# Not a target:
 
builtins/../free/split_free.o:
#  Implicit rule search has not been done.
#  Modification time never checked.
#  File has not been updated.

# Not a target:
libft/ft_lstnew.o:
#  Implicit rule search has not been done.
#  Modification time never checked.
#  File has not been updated.

fclean: clean
#  Implicit rule search has not been done.
#  Modification time never checked.
#  File has not been updated.
#  commands to execute (from `Makefile', line 72):
	@rm -f ${NAME}
	@echo "|-| remove the program  ==> ${RED}DONE${RESET}"
	

# Not a target:
libft/ft_putnbr_fd.o:
#  Implicit rule search has not been done.
#  Modification time never checked.
#  File has not been updated.

# Not a target:
parsing/ft_strreplace.o:
#  Implicit rule search has not been done.
#  Modification time never checked.
#  File has not been updated.

# Not a target:
libft/ft_isascii.o:
#  Implicit rule search has not been done.
#  Modification time never checked.
#  File has not been updated.

# Not a target:
libft/ft_calloc.o:
#  Implicit rule search has not been done.
#  Modification time never checked.
#  File has not been updated.

# Not a target:
libft/ft_substr.o:
#  Implicit rule search has not been done.
#  Modification time never checked.
#  File has not been updated.

# Not a target:
builtins/ft_env.o:
#  Implicit rule search has not been done.
#  Modification time never checked.
#  File has not been updated.

# Not a target:
.DEFAULT:
#  Implicit rule search has not been done.
#  Modification time never checked.
#  File has not been updated.

# Not a target:
parsing/quotes.o:
#  Implicit rule search has not been done.
#  Modification time never checked.
#  File has not been updated.

# Not a target:
parsing/expand.o:
#  Implicit rule search has not been done.
#  Modification time never checked.
#  File has not been updated.

# Not a target:
libft/ft_isalpha.o:
#  Implicit rule search has not been done.
#  Modification time never checked.
#  File has not been updated.

# Not a target:
libft/ft_lstsize.o:
#  Implicit rule search has not been done.
#  Modification time never checked.
#  File has not been updated.

re: fclean all
#  Implicit rule search has not been done.
#  Modification time never checked.
#  File has not been updated.

clean:
#  Implicit rule search has not been done.
#  Modification time never checked.
#  File has not been updated.
#  commands to execute (from `Makefile', line 68):
	@rm -f $(ALL_OBJ) $(LIBS)
	@echo "|-| remove object files ==> ${RED}DONE${RESET}"
	

# Not a target:
builtins/ft_pwd.o:
#  Implicit rule search has not been done.
#  Modification time never checked.
#  File has not been updated.

# Not a target:
libft/ft_strncmp.o:
#  Implicit rule search has not been done.
#  Modification time never checked.
#  File has not been updated.

# Not a target:
parsing/tokenize.o:
#  Implicit rule search has not been done.
#  Modification time never checked.
#  File has not been updated.

# Not a target:
builtins/ft_unset.o:
#  Implicit rule search has not been done.
#  Modification time never checked.
#  File has not been updated.

# Not a target:
libft/ft_isalnum.o:
#  Implicit rule search has not been done.
#  Modification time never checked.
#  File has not been updated.

# Not a target:
builtins/utile_export.o:
#  Implicit rule search has not been done.
#  Modification time never checked.
#  File has not been updated.

# Not a target:
libft/ft_lstadd_front.o:
#  Implicit rule search has not been done.
#  Modification time never checked.
#  File has not been updated.

# Not a target:
libft/ft_strdup.o:
#  Implicit rule search has not been done.
#  Modification time never checked.
#  File has not been updated.

# Not a target:
libft/ft_lstdelone.o:
#  Implicit rule search has not been done.
#  Modification time never checked.
#  File has not been updated.

# Not a target:
libft/ft_memmove.o:
#  Implicit rule search has not been done.
#  Modification time never checked.
#  File has not been updated.
 

# Not a target:
libft/ft_strchr.o:
#  Implicit rule search has not been done.
#  Modification time never checked.
#  File has not been updated.

main.o: main.c minishell.h libft/libft.h
#  Implicit rule search has been done.
#  Implicit/static pattern stem: `main'
#  File does not exist.
#  File has been updated.
#  Needs to be updated (-q is set).
# automatic
# @ := main.o
# automatic
# % := 
# automatic
# * := main
# automatic
# + := main.c minishell.h libft/libft.h
# automatic
# | := 
# automatic
# < := main.c
# automatic
# ^ := main.c minishell.h libft/libft.h
# automatic
# ? := main.c minishell.h libft/libft.h
# variable set hash-table stats:
# Load=8/32=25%, Rehash=0, Collisions=1/14=7%
#  commands to execute (from `Makefile', line 55):
	$(CC) ${FLAGS} -c $< -o $@
	

# Not a target:
libft/ft_toupper.o:
#  Implicit rule search has not been done.
#  Modification time never checked.
#  File has not been updated.

# Not a target:
libft/libft.h:
#  Implicit rule search has been done.
#  Last modified 2022-08-20 16:40:57
#  File has been updated.
#  Successfully updated.
# variable set hash-table stats:
# Load=0/32=0%, Rehash=0, Collisions=0/0=0%

# Not a target:
libft/ft_strnstr.o:
#  Implicit rule search has not been done.
#  Modification time never checked.
#  File has not been updated.

# Not a target:
builtins/export_append.o:
#  Implicit rule search has not been done.
#  Modification time never checked.
#  File has not been updated.

# Not a target:
minishell.h:
#  Implicit rule search has been done.
#  Last modified 2022-08-21 16:50:53
#  File has been updated.
#  Successfully updated.
# variable set hash-table stats:
# Load=0/32=0%, Rehash=0, Collisions=0/0=0%

# Not a target:
libft/ft_strlcpy.o:
 
#  Implicit rule search has not been done.
#  Modification time never checked.
#  File has not been updated.

# Not a target:
libft/ft_putchar_fd.o:
#  Implicit rule search has not been done.
#  Modification time never checked.
#  File has not been updated.

# Not a target:
libft/ft_atoi.o:
#  Implicit rule search has not been done.
#  Modification time never checked.
#  File has not been updated.

# Not a target:
parsing/parse.o:
#  Implicit rule search has not been done.
#  Modification time never checked.
#  File has not been updated.

# Not a target:
parsing/expand_2.o:
#  Implicit rule search has not been done.
#  Modification time never checked.
#  File has not been updated.

# Not a target:
libft/ft_strtrim.o:
#  Implicit rule search has not been done.
#  Modification time never checked.
#  File has not been updated.

# files hash-table stats:
# Load=73/1024=7%, Rehash=0, Collisions=13/159=8%
# VPATH Search Paths

# No `vpath' search paths.

# No general (`VPATH' variable) search path.

# # of strings in strcache: 1
# # of strcache buffers: 1
# strcache size: total = 4096 / max = 4096 / min = 4096 / avg = 4096
# strcache free: total = 4087 / max = 4087 / min = 4087 / avg = 4087

# Finished Make data base on Sun Aug 21 16:51:33 2022

 
